[00:00:07] [Server thread/INFO]: Brandauwu has made the advancement [Monster Hunter]
[00:10:31] [Server thread/INFO]: Brandauwu has made the advancement [Acquire Hardware]
[00:10:52] [Server thread/INFO]: Brandauwu has made the advancement [Suit Up]
[00:19:54] [Server thread/INFO]: JeylK tried to swim in lava
[00:22:08] [Server thread/INFO]: JeylK has made the advancement [Cover Me with Diamonds]
[00:22:15] [Server thread/INFO]: JeylK has made the advancement [Suit Up]
[00:31:49] [Server thread/INFO]: JeylK issued server command: /kill Brandauwu
[00:31:49] [Server thread/INFO]: Brandauwu was killed
[00:31:49] [Server thread/INFO]: [JeylK: Killed Brandauwu]
[00:33:50] [Server thread/INFO]: Brandauwu has made the advancement [Best Friends Forever]
[00:41:45] [Server thread/INFO]: Villager Villager['Nitwit'/4863, uuid='5ba49883-9806-43e9-8bd3-438da8a4be89', l='ServerLevel[world]', x=213.47, y=72.00, z=75.45, cpos=[13, 4], tl=91557, v=true] died, message: 'Nitwit was slain by JeylK'
[00:46:04] [Server thread/INFO]: JeylK issued server command: /tp Brandauwu
[00:46:04] [Server thread/INFO]: [JeylK: Teleported JeylK to Brandauwu]
[00:46:25] [Server thread/INFO]: Brandauwu has made the advancement [Diamonds!]
[00:46:33] [Server thread/INFO]: JeylK issued server command: /kill
[00:46:33] [Server thread/INFO]: JeylK was killed
[00:46:33] [Server thread/INFO]: [JeylK: Killed JeylK]
[00:47:26] [Server thread/INFO]: Brandauwu issued server command: /callback
[00:47:37] [Server thread/INFO]: Brandauwu issued server command: /callback j
[00:47:42] [Server thread/INFO]: Brandauwu issued server command: /c
[00:47:59] [Server thread/INFO]: Brandauwu issued server command: /callback
[00:48:43] [Async Chat Thread - #3/INFO]: [Not Secure] <Brandauwu> como haces pa matarte mmguevo
[00:48:48] [Async Chat Thread - #3/INFO]: [Not Secure] <JeylK> suicidate
[00:48:57] [Async Chat Thread - #3/INFO]: [Not Secure] <JeylK> con lava
[00:49:01] [Async Chat Thread - #3/INFO]: [Not Secure] <Brandauwu> es que pa aca no me puedo matar KJAJAJJAJ
[00:49:11] [Async Chat Thread - #3/INFO]: [Not Secure] <JeylK> como chingas
[00:49:16] [Server thread/INFO]: JeylK issued server command: /tp Brandauwu JeylK
[00:49:16] [Server thread/INFO]: [JeylK: Teleported Brandauwu to JeylK]
[00:53:30] [Server thread/INFO]: Brandauwu has made the advancement [A Seedy Place]
[00:54:29] [Async Chat Thread - #5/INFO]: [Not Secure] <Brandauwu> en que te ayudo putito
[00:54:43] [Async Chat Thread - #5/INFO]: [Not Secure] <Brandauwu> ira
[00:54:49] [Async Chat Thread - #5/INFO]: [Not Secure] <JeylK> traeme madera pvta
[00:54:53] [Async Chat Thread - #5/INFO]: [Not Secure] <Brandauwu> y que pa esclavizar
[00:55:11] [Async Chat Thread - #5/INFO]: [Not Secure] <Brandauwu> de cualquiera?
[00:55:19] [Async Chat Thread - #5/INFO]: [Not Secure] <JeylK> si
[00:56:09] [Server thread/INFO]: JeylK has made the advancement [A Seedy Place]
[01:00:55] [Async Chat Thread - #7/INFO]: [Not Secure] <Brandauwu> papiiiiii
[01:00:57] [Async Chat Thread - #7/INFO]: [Not Secure] <Brandauwu> coge
[01:01:26] [Async Chat Thread - #7/INFO]: [Not Secure] <JeylK> ando lejos
[01:01:42] [Async Chat Thread - #7/INFO]: [Not Secure] <JeylK> dejalo en el cofre
[01:01:50] [Async Chat Thread - #7/INFO]: [Not Secure] <JeylK> no plantes nada en los cultivos
[01:01:54] [Server thread/INFO]: JeylK issued server command: /tp -320 ~ -432
[01:01:54] [Server thread/INFO]: [JeylK: Teleported JeylK to -319.500000, 77.000000, -431.500000]
[01:03:14] [Async Chat Thread - #9/INFO]: [Not Secure] <Brandauwu> y si yo quiero que
[01:04:30] [Server thread/INFO]: JeylK issued server command: /tp Brandauwu
[01:04:30] [Server thread/INFO]: [JeylK: Teleported JeylK to Brandauwu]
[01:04:45] [Async Chat Thread - #11/INFO]: [Not Secure] <Brandauwu> coge
